0:0:0:0:0:0:0:1 -  -  [14/七月/2017:11:51:29 +0800] "GET / HTTP/1.1" 200 6657 
0:0:0:0:0:0:0:1 -  -  [14/七月/2017:11:51:31 +0800] "GET /?home HTTP/1.1" 200 3332 
0:0:0:0:0:0:0:1 -  -  [14/七月/2017:11:51:34 +0800] "GET /form/login.htm HTTP/1.1" 200 787 
0:0:0:0:0:0:0:1 -  -  [14/七月/2017:11:51:41 +0800] "POST /form/login.htm HTTP/1.1" 500 237507 
0:0:0:0:0:0:0:1 -  -  [17/七月/2017:09:05:21 +0800] "GET / HTTP/1.1" 200 6657 
0:0:0:0:0:0:0:1 -  -  [17/七月/2017:09:05:21 +0800] "GET /internal/keyValues/keyValues.css HTTP/1.1" 304 0 
0:0:0:0:0:0:0:1 -  -  [17/七月/2017:09:05:21 +0800] "GET /internal/menu/menu.css HTTP/1.1" 304 0 
0:0:0:0:0:0:0:1 -  -  [17/七月/2017:09:05:21 +0800] "GET /internal/styles.css HTTP/1.1" 304 0 
0:0:0:0:0:0:0:1 -  -  [17/七月/2017:09:05:21 +0800] "GET /internal/prototype.js HTTP/1.1" 304 0 
0:0:0:0:0:0:0:1 -  -  [17/七月/2017:09:05:21 +0800] "GET /internal/footer/footer.css HTTP/1.1" 304 0 
0:0:0:0:0:0:0:1 -  -  [17/七月/2017:09:05:21 +0800] "GET /internal/sysinfo/systemInfo.css HTTP/1.1" 304 0 
0:0:0:0:0:0:0:1 -  -  [17/七月/2017:09:05:22 +0800] "GET /internal/keyValues/keyValues.js HTTP/1.1" 304 0 
0:0:0:0:0:0:0:1 -  -  [17/七月/2017:09:05:22 +0800] "GET /internal/scriptaculous.js HTTP/1.1" 304 0 
0:0:0:0:0:0:0:1 -  -  [17/七月/2017:09:05:22 +0800] "GET /internal/menu/images/home1.gif HTTP/1.1" 304 0 
0:0:0:0:0:0:0:1 -  -  [17/七月/2017:09:05:22 +0800] "GET /internal/menu/images/home2.gif HTTP/1.1" 304 0 
0:0:0:0:0:0:0:1 -  -  [17/七月/2017:09:05:22 +0800] "GET /internal/footer/images/webx3.gif HTTP/1.1" 304 0 
0:0:0:0:0:0:0:1 -  -  [17/七月/2017:09:05:22 +0800] "GET /internal/dragdrop.js HTTP/1.1" 304 0 
0:0:0:0:0:0:0:1 -  -  [17/七月/2017:09:05:22 +0800] "GET /internal/controls.js HTTP/1.1" 304 0 
0:0:0:0:0:0:0:1 -  -  [17/七月/2017:09:05:22 +0800] "GET /internal/sound.js HTTP/1.1" 304 0 
0:0:0:0:0:0:0:1 -  -  [17/七月/2017:09:05:22 +0800] "GET /internal/builder.js HTTP/1.1" 304 0 
0:0:0:0:0:0:0:1 -  -  [17/七月/2017:09:05:22 +0800] "GET /internal/slider.js HTTP/1.1" 304 0 
0:0:0:0:0:0:0:1 -  -  [17/七月/2017:09:05:22 +0800] "GET /internal/effects.js HTTP/1.1" 304 0 
0:0:0:0:0:0:0:1 -  -  [17/七月/2017:09:05:22 +0800] "GET /internal/menu/images/arrow_v.gif HTTP/1.1" 304 0 
